生成启动时间为 2018/1/20 21:37:37。
     1>项目“E:\cpp-project\biaozhi2\biaozhi2\biaozhi2.vcxproj”在节点 2 上(Build 个目标)。
     1>C:\Program Files (x86)\MSBuild\Microsoft.Cpp\v4.0\V120\Microsoft.CppBuild.targets(381,5): warning MSB8028: The intermediate directory (Debug\) contains files shared from another project (biaozhi2.vcxproj).  This can lead to incorrect clean and rebuild behavior.
     1>ClCompile:
         C:\Program Files (x86)\Microsoft Visual Studio 12.0\VC\bin\CL.exe /c /ZI /nologo /W3 /WX- /Od /Oy- /D WIN32 /D _DEBUG /D _CONSOLE /D _LIB /D _UNICODE /D UNICODE /Gm /EHsc /RTC1 /MDd /GS /fp:precise /Zc:wchar_t /Zc:forScope /Fo"Debug\\" /Fd"Debug\vc120.pdb" /Gd /TP /analyze- /errorReport:prompt Video.cpp main.cpp tool.cpp
         main.cpp
     1>e:\cpp-project\biaozhi2\biaozhi2\main.cpp(145): warning C4244: “初始化”: 从“float”转换到“int”，可能丢失数据
     1>e:\cpp-project\biaozhi2\biaozhi2\main.cpp(103): warning C4101: “predictRightRatio”: 未引用的局部变量
     1>e:\cpp-project\biaozhi2\biaozhi2\main.cpp(216): warning C4244: “初始化”: 从“float”转换到“int”，可能丢失数据
     1>e:\cpp-project\biaozhi2\biaozhi2\main.cpp(299): warning C4018: “<”: 有符号/无符号不匹配
     1>e:\cpp-project\biaozhi2\biaozhi2\main.cpp(307): warning C4018: “<”: 有符号/无符号不匹配
         Video.cpp
     1>e:\opencv\build\include\opencv2\flann\logger.h(66): warning C4996: 'fopen': This function or variable may be unsafe. Consider using fopen_s instead. To disable deprecation, use _CRT_SECURE_NO_WARNINGS. See online help for details.
                 c:\program files (x86)\microsoft visual studio 12.0\vc\include\stdio.h(211) : 参见“fopen”的声明
         正在生成代码...
         正在编译...
         tool.cpp
     1>e:\cpp-project\biaozhi2\biaozhi2\tool.cpp(132): warning C4244: “=”: 从“double”转换到“int”，可能丢失数据
     1>e:\cpp-project\biaozhi2\biaozhi2\tool.cpp(133): warning C4244: “=”: 从“double”转换到“int”，可能丢失数据
     1>e:\cpp-project\biaozhi2\biaozhi2\tool.cpp(134): warning C4244: “=”: 从“double”转换到“int”，可能丢失数据
     1>e:\cpp-project\biaozhi2\biaozhi2\tool.cpp(203): warning C4018: “<”: 有符号/无符号不匹配
     1>e:\cpp-project\biaozhi2\biaozhi2\tool.cpp(211): warning C4018: “<”: 有符号/无符号不匹配
         正在生成代码...
       Link:
         C:\Program Files (x86)\Microsoft Visual Studio 12.0\VC\bin\link.exe /ERRORREPORT:PROMPT /OUT:"E:\cpp-project\biaozhi2\Debug\biaozhi.exe" /INCREMENTAL /NOLOGO opencv_ml249d.lib opencv_calib3d249d.lib opencv_contrib249d.lib opencv_core249d.lib opencv_features2d249d.lib opencv_flann249d.lib opencv_gpu249d.lib opencv_highgui249d.lib opencv_imgproc249d.lib opencv_legacy249d.lib opencv_objdetect249d.lib opencv_ts249d.lib opencv_video249d.lib opencv_nonfree249d.lib opencv_ocl249d.lib opencv_photo249d.lib opencv_stitching249d.lib opencv_superres249d.lib opencv_videostab249d.lib kernel32.lib user32.lib gdi32.lib winspool.lib comdlg32.lib advapi32.lib shell32.lib ole32.lib oleaut32.lib uuid.lib odbc32.lib odbccp32.lib /MANIFEST /MANIFESTUAC:"level='asInvoker' uiAccess='false'" /manifest:embed /DEBUG /PDB:"E:\cpp-project\biaozhi2\Debug\biaozhi.pdb" /SUBSYSTEM:CONSOLE /TLBID:1 /DYNAMICBASE /NXCOMPAT /IMPLIB:"E:\cpp-project\biaozhi2\Debug\biaozhi.lib" /MACHINE:X86 Debug\main.obj
         Debug\tool.obj
         Debug\Video.obj
         biaozhi2.vcxproj -> E:\cpp-project\biaozhi2\Debug\biaozhi.exe
     1>已完成生成项目“E:\cpp-project\biaozhi2\biaozhi2\biaozhi2.vcxproj”(Build 个目标)的操作。

生成成功。

已用时间 00:00:05.03
